c:\users\jack\desktop\cpp_projectsdir\driverx00_source\driverx00\x64\release\driverx00.bsc
c:\users\jack\desktop\cpp_projectsdir\driverx00_source\driverx00\driverx00\x64\release\vc142.pdb
c:\users\jack\desktop\cpp_projectsdir\driverx00_source\driverx00\driverx00\x64\release\clearpidcache.sbr
c:\users\jack\desktop\cpp_projectsdir\driverx00_source\driverx00\driverx00\x64\release\corefunctions.sbr
c:\users\jack\desktop\cpp_projectsdir\driverx00_source\driverx00\driverx00\x64\release\entrypoint.sbr
c:\users\jack\desktop\cpp_projectsdir\driverx00_source\driverx00\driverx00\x64\release\memoryfunctions.sbr
c:\users\jack\desktop\cpp_projectsdir\driverx00_source\driverx00\driverx00\x64\release\memoryfunctions.obj
c:\users\jack\desktop\cpp_projectsdir\driverx00_source\driverx00\driverx00\x64\release\memoryfunctions.cod
c:\users\jack\desktop\cpp_projectsdir\driverx00_source\driverx00\driverx00\x64\release\entrypoint.obj
c:\users\jack\desktop\cpp_projectsdir\driverx00_source\driverx00\driverx00\x64\release\entrypoint.cod
c:\users\jack\desktop\cpp_projectsdir\driverx00_source\driverx00\driverx00\x64\release\corefunctions.obj
c:\users\jack\desktop\cpp_projectsdir\driverx00_source\driverx00\driverx00\x64\release\corefunctions.cod
c:\users\jack\desktop\cpp_projectsdir\driverx00_source\driverx00\driverx00\x64\release\clearpidcache.obj
c:\users\jack\desktop\cpp_projectsdir\driverx00_source\driverx00\driverx00\x64\release\clearpidcache.cod
c:\users\jack\desktop\cpp_projectsdir\driverx00_source\driverx00\x64\release\driverx00.sys
c:\users\jack\desktop\cpp_projectsdir\driverx00_source\driverx00\x64\release\driverx00.pdb
c:\users\jack\desktop\cpp_projectsdir\driverx00_source\driverx00\x64\release\driverx00\driverx00.cat
c:\users\jack\desktop\cpp_projectsdir\driverx00_source\driverx00\driverx00\x64\release\driverx00.inf
c:\users\jack\desktop\cpp_projectsdir\driverx00_source\driverx00\x64\release\driverx00.cer
c:\users\jack\desktop\cpp_projectsdir\driverx00_source\driverx00\x64\release\driverx00.inf
c:\users\jack\desktop\cpp_projectsdir\driverx00_source\driverx00\driverx00\x64\release\driverx00.tlog\bscmake.command.1.tlog
c:\users\jack\desktop\cpp_projectsdir\driverx00_source\driverx00\driverx00\x64\release\driverx00.tlog\bscmake.read.1.tlog
c:\users\jack\desktop\cpp_projectsdir\driverx00_source\driverx00\driverx00\x64\release\driverx00.tlog\bscmake.write.1.tlog
c:\users\jack\desktop\cpp_projectsdir\driverx00_source\driverx00\driverx00\x64\release\driverx00.tlog\cl.command.1.tlog
c:\users\jack\desktop\cpp_projectsdir\driverx00_source\driverx00\driverx00\x64\release\driverx00.tlog\cl.read.1.tlog
c:\users\jack\desktop\cpp_projectsdir\driverx00_source\driverx00\driverx00\x64\release\driverx00.tlog\cl.write.1.tlog
c:\users\jack\desktop\cpp_projectsdir\driverx00_source\driverx00\driverx00\x64\release\driverx00.tlog\inf2cat-expand.8688.read.1.tlog
c:\users\jack\desktop\cpp_projectsdir\driverx00_source\driverx00\driverx00\x64\release\driverx00.tlog\inf2cat-expand.8688.write.1.tlog
c:\users\jack\desktop\cpp_projectsdir\driverx00_source\driverx00\driverx00\x64\release\driverx00.tlog\inf2cat-expand.read.1.tlog
c:\users\jack\desktop\cpp_projectsdir\driverx00_source\driverx00\driverx00\x64\release\driverx00.tlog\inf2cat-expand.write.1.tlog
c:\users\jack\desktop\cpp_projectsdir\driverx00_source\driverx00\driverx00\x64\release\driverx00.tlog\inf2cat.command.1.tlog
c:\users\jack\desktop\cpp_projectsdir\driverx00_source\driverx00\driverx00\x64\release\driverx00.tlog\inf2cat.read.1.tlog
c:\users\jack\desktop\cpp_projectsdir\driverx00_source\driverx00\driverx00\x64\release\driverx00.tlog\inf2cat.read.8.tlog
c:\users\jack\desktop\cpp_projectsdir\driverx00_source\driverx00\driverx00\x64\release\driverx00.tlog\inf2cat.write.1.tlog
c:\users\jack\desktop\cpp_projectsdir\driverx00_source\driverx00\driverx00\x64\release\driverx00.tlog\inf2cat.write.8.tlog
c:\users\jack\desktop\cpp_projectsdir\driverx00_source\driverx00\driverx00\x64\release\driverx00.tlog\link.command.1.tlog
c:\users\jack\desktop\cpp_projectsdir\driverx00_source\driverx00\driverx00\x64\release\driverx00.tlog\link.delete.1.tlog
c:\users\jack\desktop\cpp_projectsdir\driverx00_source\driverx00\driverx00\x64\release\driverx00.tlog\link.read.1.tlog
c:\users\jack\desktop\cpp_projectsdir\driverx00_source\driverx00\driverx00\x64\release\driverx00.tlog\link.write.1.tlog
c:\users\jack\desktop\cpp_projectsdir\driverx00_source\driverx00\driverx00\x64\release\driverx00.tlog\signtool.command.1.tlog
c:\users\jack\desktop\cpp_projectsdir\driverx00_source\driverx00\driverx00\x64\release\driverx00.tlog\signtool.read.1.tlog
c:\users\jack\desktop\cpp_projectsdir\driverx00_source\driverx00\driverx00\x64\release\driverx00.tlog\signtool.timestamp.1.tlog
c:\users\jack\desktop\cpp_projectsdir\driverx00_source\driverx00\driverx00\x64\release\driverx00.tlog\signtool.write.1.tlog
c:\users\jack\desktop\cpp_projectsdir\driverx00_source\driverx00\driverx00\x64\release\driverx00.tlog\stampinf.command.1.tlog
c:\users\jack\desktop\cpp_projectsdir\driverx00_source\driverx00\driverx00\x64\release\driverx00.tlog\stampinf.read.1.tlog
c:\users\jack\desktop\cpp_projectsdir\driverx00_source\driverx00\driverx00\x64\release\driverx00.tlog\stampinf.write.1.tlog
